2020-06-24 00:12:02,451 - RHS of #set statement is null. Context will not be modified. om/java/cbean/AbstractBsConditionQuery.vm[line 70, column 1]
2020-06-24 00:12:02,456 - ResourceManager : found om/java/cbean/BsConditionInlineQuery.vm with loader org.apache.velocity.runtime.resource.loader.FileResourceLoader
2020-06-24 00:12:02,456 - RHS of #set statement is null. Context will not be modified. om/java/cbean/BsConditionInlineQuery.vm[line 84, column 1]
2020-06-24 00:12:02,457 - RHS of #set statement is null. Context will not be modified. om/java/cbean/BsConditionInlineQuery.vm[line 84, column 1]
2020-06-24 00:12:02,457 - RHS of #set statement is null. Context will not be modified. om/java/cbean/BsConditionInlineQuery.vm[line 84, column 1]
2020-06-24 00:12:02,457 - RHS of #set statement is null. Context will not be modified. om/java/cbean/BsConditionInlineQuery.vm[line 84, column 1]
2020-06-24 00:12:02,457 - RHS of #set statement is null. Context will not be modified. om/java/cbean/BsConditionInlineQuery.vm[line 84, column 1]
2020-06-24 00:12:02,457 - RHS of #set statement is null. Context will not be modified. om/java/cbean/BsConditionInlineQuery.vm[line 84, column 1]
2020-06-24 00:12:02,462 - ResourceManager : found om/java/cbean/BsConditionQuery.vm with loader org.apache.velocity.runtime.resource.loader.FileResourceLoader
2020-06-24 00:12:02,463 - RHS of #set statement is null. Context will not be modified. om/java/cbean/BsConditionQuery.vm[line 104, column 1]
2020-06-24 00:12:02,463 - RHS of #set statement is null. Context will not be modified. om/java/cbean/BsConditionQuery.vm[line 104, column 1]
2020-06-24 00:12:02,463 - RHS of #set statement is null. Context will not be modified. om/java/cbean/BsConditionQuery.vm[line 104, column 1]
2020-06-24 00:12:02,463 - RHS of #set statement is null. Context will not be modified. om/java/cbean/BsConditionQuery.vm[line 104, column 1]
2020-06-24 00:12:02,463 - RHS of #set statement is null. Context will not be modified. om/java/cbean/BsConditionQuery.vm[line 104, column 1]
2020-06-24 00:12:02,463 - RHS of #set statement is null. Context will not be modified. om/java/cbean/BsConditionQuery.vm[line 104, column 1]
2020-06-24 00:12:02,481 - ResourceManager : found om/java/cbean/NestSelectSetupper.vm with loader org.apache.velocity.runtime.resource.loader.FileResourceLoader
2020-06-24 00:12:02,483 - Null reference [template 'om/ControlGenerateJava.vm', line 290, column 38] : ${glPackageExtendedDao} cannot be resolved.
2020-06-24 00:12:02,483 - Null reference [template 'om/ControlGenerateJava.vm', line 293, column 34] : ${glPackageBaseDao} cannot be resolved.
2020-06-24 00:12:02,494 - ResourceManager : found om/java/bsbhv/BaseBhv.vm with loader org.apache.velocity.runtime.resource.loader.FileResourceLoader
2020-06-24 00:12:02,567 - ResourceManager : found om/java/bsbhv/ReferrerLoader.vm with loader org.apache.velocity.runtime.resource.loader.FileResourceLoader
2020-06-24 00:12:02,588 - ResourceManager : found om/java/bsentity/BaseEntity.vm with loader org.apache.velocity.runtime.resource.loader.FileResourceLoader
2020-06-24 00:12:02,673 - ResourceManager : found om/java/bsentity/dbmeta/DBMetaImpl.vm with loader org.apache.velocity.runtime.resource.loader.FileResourceLoader
2020-06-24 00:12:02,711 - ResourceManager : found om/java/cbean/BsConditionBean.vm with loader org.apache.velocity.runtime.resource.loader.FileResourceLoader
2020-06-24 00:12:02,723 - Null reference [template 'om/java/cbean/BsConditionBean.vm', line 684, column 61] : ${relationMethodIdentityName} cannot be resolved.
2020-06-24 00:12:02,724 - Null reference [template 'om/java/cbean/BsConditionBean.vm', line 684, column 61] : ${relationMethodIdentityName} cannot be resolved.
2020-06-24 00:12:02,724 - Null reference [template 'om/java/cbean/BsConditionBean.vm', line 684, column 61] : ${relationMethodIdentityName} cannot be resolved.
2020-06-24 00:12:02,733 - ResourceManager : found om/java/cbean/AbstractBsConditionQuery.vm with loader org.apache.velocity.runtime.resource.loader.FileResourceLoader
2020-06-24 00:12:02,733 - RHS of #set statement is null. Context will not be modified. om/java/cbean/AbstractBsConditionQuery.vm[line 70, column 1]
2020-06-24 00:12:02,964 - RHS of #set statement is null. Context will not be modified. om/java/cbean/AbstractBsConditionQuery.vm[line 70, column 1]
2020-06-24 00:12:02,968 - RHS of #set statement is null. Context will not be modified. om/java/cbean/AbstractBsConditionQuery.vm[line 70, column 1]
2020-06-24 00:12:02,972 - RHS of #set statement is null. Context will not be modified. om/java/cbean/AbstractBsConditionQuery.vm[line 70, column 1]
2020-06-24 00:12:03,074 - RHS of #set statement is null. Context will not be modified. om/java/cbean/AbstractBsConditionQuery.vm[line 70, column 1]
2020-06-24 00:12:03,081 - RHS of #set statement is null. Context will not be modified. om/java/cbean/AbstractBsConditionQuery.vm[line 70, column 1]
2020-06-24 00:12:03,082 - RHS of #set statement is null. Context will not be modified. om/java/cbean/AbstractBsConditionQuery.vm[line 70, column 1]
2020-06-24 00:12:03,083 - RHS of #set statement is null. Context will not be modified. om/java/cbean/AbstractBsConditionQuery.vm[line 70, column 1]
2020-06-24 00:12:03,084 - RHS of #set statement is null. Context will not be modified. om/java/cbean/AbstractBsConditionQuery.vm[line 70, column 1]
2020-06-24 00:12:03,085 - RHS of #set statement is null. Context will not be modified. om/java/cbean/AbstractBsConditionQuery.vm[line 70, column 1]
2020-06-24 00:12:03,085 - RHS of #set statement is null. Context will not be modified. om/java/cbean/AbstractBsConditionQuery.vm[line 70, column 1]
2020-06-24 00:12:03,087 - RHS of #set statement is null. Context will not be modified. om/java/cbean/AbstractBsConditionQuery.vm[line 70, column 1]
2020-06-24 00:12:03,088 - RHS of #set statement is null. Context will not be modified. om/java/cbean/AbstractBsConditionQuery.vm[line 70, column 1]
2020-06-24 00:12:03,116 - ResourceManager : found om/java/cbean/BsConditionInlineQuery.vm with loader org.apache.velocity.runtime.resource.loader.FileResourceLoader
2020-06-24 00:12:03,116 - RHS of #set statement is null. Context will not be modified. om/java/cbean/BsConditionInlineQuery.vm[line 84, column 1]
2020-06-24 00:12:03,126 - RHS of #set statement is null. Context will not be modified. om/java/cbean/BsConditionInlineQuery.vm[line 84, column 1]
2020-06-24 00:12:03,127 - RHS of #set statement is null. Context will not be modified. om/java/cbean/BsConditionInlineQuery.vm[line 84, column 1]
2020-06-24 00:12:03,152 - RHS of #set statement is null. Context will not be modified. om/java/cbean/BsConditionInlineQuery.vm[line 84, column 1]
2020-06-24 00:12:03,152 - RHS of #set statement is null. Context will not be modified. om/java/cbean/BsConditionInlineQuery.vm[line 84, column 1]
2020-06-24 00:12:03,152 - RHS of #set statement is null. Context will not be modified. om/java/cbean/BsConditionInlineQuery.vm[line 84, column 1]
2020-06-24 00:12:03,152 - RHS of #set statement is null. Context will not be modified. om/java/cbean/BsConditionInlineQuery.vm[line 84, column 1]
2020-06-24 00:12:03,152 - RHS of #set statement is null. Context will not be modified. om/java/cbean/BsConditionInlineQuery.vm[line 84, column 1]
2020-06-24 00:12:03,152 - RHS of #set statement is null. Context will not be modified. om/java/cbean/BsConditionInlineQuery.vm[line 84, column 1]
2020-06-24 00:12:03,152 - RHS of #set statement is null. Context will not be modified. om/java/cbean/BsConditionInlineQuery.vm[line 84, column 1]
2020-06-24 00:12:03,152 - RHS of #set statement is null. Context will not be modified. om/java/cbean/BsConditionInlineQuery.vm[line 84, column 1]
2020-06-24 00:12:03,152 - RHS of #set statement is null. Context will not be modified. om/java/cbean/BsConditionInlineQuery.vm[line 84, column 1]
2020-06-24 00:12:03,152 - RHS of #set statement is null. Context will not be modified. om/java/cbean/BsConditionInlineQuery.vm[line 84, column 1]
2020-06-24 00:12:03,168 - ResourceManager : found om/java/cbean/BsConditionQuery.vm with loader org.apache.velocity.runtime.resource.loader.FileResourceLoader
2020-06-24 00:12:03,169 - RHS of #set statement is null. Context will not be modified. om/java/cbean/BsConditionQuery.vm[line 104, column 1]
2020-06-24 00:12:03,174 - RHS of #set statement is null. Context will not be modified. om/java/cbean/BsConditionQuery.vm[line 104, column 1]
2020-06-24 00:12:03,174 - RHS of #set statement is null. Context will not be modified. om/java/cbean/BsConditionQuery.vm[line 104, column 1]
2020-06-24 00:12:03,175 - RHS of #set statement is null. Context will not be modified. om/java/cbean/BsConditionQuery.vm[line 104, column 1]
2020-06-24 00:12:03,175 - RHS of #set statement is null. Context will not be modified. om/java/cbean/BsConditionQuery.vm[line 104, column 1]
2020-06-24 00:12:03,175 - RHS of #set statement is null. Context will not be modified. om/java/cbean/BsConditionQuery.vm[line 104, column 1]
2020-06-24 00:12:03,175 - RHS of #set statement is null. Context will not be modified. om/java/cbean/BsConditionQuery.vm[line 104, column 1]
2020-06-24 00:12:03,175 - RHS of #set statement is null. Context will not be modified. om/java/cbean/BsConditionQuery.vm[line 104, column 1]
2020-06-24 00:12:03,175 - RHS of #set statement is null. Context will not be modified. om/java/cbean/BsConditionQuery.vm[line 104, column 1]
2020-06-24 00:12:03,175 - RHS of #set statement is null. Context will not be modified. om/java/cbean/BsConditionQuery.vm[line 104, column 1]
2020-06-24 00:12:03,175 - RHS of #set statement is null. Context will not be modified. om/java/cbean/BsConditionQuery.vm[line 104, column 1]
2020-06-24 00:12:03,175 - RHS of #set statement is null. Context will not be modified. om/java/cbean/BsConditionQuery.vm[line 104, column 1]
2020-06-24 00:12:03,175 - RHS of #set statement is null. Context will not be modified. om/java/cbean/BsConditionQuery.vm[line 104, column 1]
2020-06-24 00:12:03,204 - ResourceManager : found om/java/cbean/NestSelectSetupper.vm with loader org.apache.velocity.runtime.resource.loader.FileResourceLoader
2020-06-24 00:12:03,226 - Null reference [template 'om/ControlGenerateJava.vm', line 290, column 38] : ${glPackageExtendedDao} cannot be resolved.
2020-06-24 00:12:03,226 - Null reference [template 'om/ControlGenerateJava.vm', line 293, column 34] : ${glPackageBaseDao} cannot be resolved.
2020-06-24 00:12:03,297 - ResourceManager : found om/java/bsbhv/BaseBhv.vm with loader org.apache.velocity.runtime.resource.loader.FileResourceLoader
2020-06-24 00:12:03,315 - ResourceManager : found om/java/bsbhv/ReferrerLoader.vm with loader org.apache.velocity.runtime.resource.loader.FileResourceLoader
2020-06-24 00:12:03,323 - ResourceManager : found om/java/bsentity/BaseEntity.vm with loader org.apache.velocity.runtime.resource.loader.FileResourceLoader
2020-06-24 00:12:03,377 - ResourceManager : found om/java/bsentity/dbmeta/DBMetaImpl.vm with loader org.apache.velocity.runtime.resource.loader.FileResourceLoader
2020-06-24 00:12:03,441 - ResourceManager : found om/java/cbean/BsConditionBean.vm with loader org.apache.velocity.runtime.resource.loader.FileResourceLoader
2020-06-24 00:12:03,460 - ResourceManager : found om/java/cbean/AbstractBsConditionQuery.vm with loader org.apache.velocity.runtime.resource.loader.FileResourceLoader
2020-06-24 00:12:03,461 - RHS of #set statement is null. Context will not be modified. om/java/cbean/AbstractBsConditionQuery.vm[line 70, column 1]
2020-06-24 00:12:03,462 - RHS of #set statement is null. Context will not be modified. om/java/cbean/AbstractBsConditionQuery.vm[line 70, column 1]
2020-06-24 00:12:03,462 - RHS of #set statement is null. Context will not be modified. om/java/cbean/AbstractBsConditionQuery.vm[line 70, column 1]
2020-06-24 00:12:03,463 - RHS of #set statement is null. Context will not be modified. om/java/cbean/AbstractBsConditionQuery.vm[line 70, column 1]
2020-06-24 00:12:03,464 - RHS of #set statement is null. Context will not be modified. om/java/cbean/AbstractBsConditionQuery.vm[line 70, column 1]
2020-06-24 00:12:03,465 - RHS of #set statement is null. Context will not be modified. om/java/cbean/AbstractBsConditionQuery.vm[line 70, column 1]
2020-06-24 00:12:03,466 - RHS of #set statement is null. Context will not be modified. om/java/cbean/AbstractBsConditionQuery.vm[line 70, column 1]
2020-06-24 00:12:03,466 - RHS of #set statement is null. Context will not be modified. om/java/cbean/AbstractBsConditionQuery.vm[line 70, column 1]
2020-06-24 00:12:03,466 - RHS of #set statement is null. Context will not be modified. om/java/cbean/AbstractBsConditionQuery.vm[line 70, column 1]
2020-06-24 00:12:03,466 - RHS of #set statement is null. Context will not be modified. om/java/cbean/AbstractBsConditionQuery.vm[line 70, column 1]
2020-06-24 00:12:03,467 - RHS of #set statement is null. Context will not be modified. om/java/cbean/AbstractBsConditionQuery.vm[line 70, column 1]
2020-06-24 00:12:03,467 - RHS of #set statement is null. Context will not be modified. om/java/cbean/AbstractBsConditionQuery.vm[line 70, column 1]
2020-06-24 00:12:03,467 - RHS of #set statement is null. Context will not be modified. om/java/cbean/AbstractBsConditionQuery.vm[line 70, column 1]
2020-06-24 00:12:03,467 - RHS of #set statement is null. Context will not be modified. om/java/cbean/AbstractBsConditionQuery.vm[line 70, column 1]
2020-06-24 00:12:03,468 - RHS of #set statement is null. Context will not be modified. om/java/cbean/AbstractBsConditionQuery.vm[line 70, column 1]
2020-06-24 00:12:03,469 - RHS of #set statement is null. Context will not be modified. om/java/cbean/AbstractBsConditionQuery.vm[line 70, column 1]
2020-06-24 00:12:03,473 - RHS of #set statement is null. Context will not be modified. om/java/cbean/AbstractBsConditionQuery.vm[line 70, column 1]
2020-06-24 00:12:03,473 - RHS of #set statement is null. Context will not be modified. om/java/cbean/AbstractBsConditionQuery.vm[line 70, column 1]
2020-06-24 00:12:03,474 - RHS of #set statement is null. Context will not be modified. om/java/cbean/AbstractBsConditionQuery.vm[line 70, column 1]
2020-06-24 00:12:03,474 - RHS of #set statement is null. Context will not be modified. om/java/cbean/AbstractBsConditionQuery.vm[line 70, column 1]
2020-06-24 00:12:03,480 - ResourceManager : found om/java/cbean/BsConditionInlineQuery.vm with loader org.apache.velocity.runtime.resource.loader.FileResourceLoader
2020-06-24 00:12:03,481 - RHS of #set statement is null. Context will not be modified. om/java/cbean/BsConditionInlineQuery.vm[line 84, column 1]
2020-06-24 00:12:03,481 - RHS of #set statement is null. Context will not be modified. om/java/cbean/BsConditionInlineQuery.vm[line 84, column 1]
2020-06-24 00:12:03,481 - RHS of #set statement is null. Context will not be modified. om/java/cbean/BsConditionInlineQuery.vm[line 84, column 1]
2020-06-24 00:12:03,481 - RHS of #set statement is null. Context will not be modified. om/java/cbean/BsConditionInlineQuery.vm[line 84, column 1]
2020-06-24 00:12:03,481 - RHS of #set statement is null. Context will not be modified. om/java/cbean/BsConditionInlineQuery.vm[line 84, column 1]
2020-06-24 00:12:03,481 - RHS of #set statement is null. Context will not be modified. om/java/cbean/BsConditionInlineQuery.vm[line 84, column 1]
2020-06-24 00:12:03,481 - RHS of #set statement is null. Context will not be modified. om/java/cbean/BsConditionInlineQuery.vm[line 84, column 1]
2020-06-24 00:12:03,481 - RHS of #set statement is null. Context will not be modified. om/java/cbean/BsConditionInlineQuery.vm[line 84, column 1]
2020-06-24 00:12:03,481 - RHS of #set statement is null. Context will not be modified. om/java/cbean/BsConditionInlineQuery.vm[line 84, column 1]
2020-06-24 00:12:03,481 - RHS of #set statement is null. Context will not be modified. om/java/cbean/BsConditionInlineQuery.vm[line 84, column 1]
2020-06-24 00:12:03,481 - RHS of #set statement is null. Context will not be modified. om/java/cbean/BsConditionInlineQuery.vm[line 84, column 1]
2020-06-24 00:12:03,481 - RHS of #set statement is null. Context will not be modified. om/java/cbean/BsConditionInlineQuery.vm[line 84, column 1]
2020-06-24 00:12:03,481 - RHS of #set statement is null. Context will not be modified. om/java/cbean/BsConditionInlineQuery.vm[line 84, column 1]
2020-06-24 00:12:03,481 - RHS of #set statement is null. Context will not be modified. om/java/cbean/BsConditionInlineQuery.vm[line 84, column 1]
2020-06-24 00:12:03,481 - RHS of #set statement is null. Context will not be modified. om/java/cbean/BsConditionInlineQuery.vm[line 84, column 1]
2020-06-24 00:12:03,481 - RHS of #set statement is null. Context will not be modified. om/java/cbean/BsConditionInlineQuery.vm[line 84, column 1]
2020-06-24 00:12:03,481 - RHS of #set statement is null. Context will not be modified. om/java/cbean/BsConditionInlineQuery.vm[line 84, column 1]
2020-06-24 00:12:03,482 - RHS of #set statement is null. Context will not be modified. om/java/cbean/BsConditionInlineQuery.vm[line 84, column 1]
2020-06-24 00:12:03,482 - RHS of #set statement is null. Context will not be modified. om/java/cbean/BsConditionInlineQuery.vm[line 84, column 1]
2020-06-24 00:12:03,482 - RHS of #set statement is null. Context will not be modified. om/java/cbean/BsConditionInlineQuery.vm[line 84, column 1]
2020-06-24 00:12:03,492 - ResourceManager : found om/java/cbean/BsConditionQuery.vm with loader org.apache.velocity.runtime.resource.loader.FileResourceLoader
2020-06-24 00:12:03,493 - RHS of #set statement is null. Context will not be modified. om/java/cbean/BsConditionQuery.vm[line 104, column 1]
2020-06-24 00:12:03,494 - RHS of #set statement is null. Context will not be modified. om/java/cbean/BsConditionQuery.vm[line 104, column 1]
2020-06-24 00:12:03,494 - RHS of #set statement is null. Context will not be modified. om/java/cbean/BsConditionQuery.vm[line 104, column 1]
2020-06-24 00:12:03,494 - RHS of #set statement is null. Context will not be modified. om/java/cbean/BsConditionQuery.vm[line 104, column 1]
2020-06-24 00:12:03,495 - RHS of #set statement is null. Context will not be modified. om/java/cbean/BsConditionQuery.vm[line 104, column 1]
2020-06-24 00:12:03,495 - RHS of #set statement is null. Context will not be modified. om/java/cbean/BsConditionQuery.vm[line 104, column 1]
2020-06-24 00:12:03,495 - RHS of #set statement is null. Context will not be modified. om/java/cbean/BsConditionQuery.vm[line 104, column 1]
2020-06-24 00:12:03,495 - RHS of #set statement is null. Context will not be modified. om/java/cbean/BsConditionQuery.vm[line 104, column 1]
2020-06-24 00:12:03,495 - RHS of #set statement is null. Context will not be modified. om/java/cbean/BsConditionQuery.vm[line 104, column 1]
2020-06-24 00:12:03,496 - RHS of #set statement is null. Context will not be modified. om/java/cbean/BsConditionQuery.vm[line 104, column 1]
2020-06-24 00:12:03,503 - RHS of #set statement is null. Context will not be modified. om/java/cbean/BsConditionQuery.vm[line 104, column 1]
2020-06-24 00:12:03,503 - RHS of #set statement is null. Context will not be modified. om/java/cbean/BsConditionQuery.vm[line 104, column 1]
2020-06-24 00:12:03,503 - RHS of #set statement is null. Context will not be modified. om/java/cbean/BsConditionQuery.vm[line 104, column 1]
2020-06-24 00:12:03,503 - RHS of #set statement is null. Context will not be modified. om/java/cbean/BsConditionQuery.vm[line 104, column 1]
2020-06-24 00:12:03,503 - RHS of #set statement is null. Context will not be modified. om/java/cbean/BsConditionQuery.vm[line 104, column 1]
2020-06-24 00:12:03,504 - RHS of #set statement is null. Context will not be modified. om/java/cbean/BsConditionQuery.vm[line 104, column 1]
2020-06-24 00:12:03,504 - RHS of #set statement is null. Context will not be modified. om/java/cbean/BsConditionQuery.vm[line 104, column 1]
2020-06-24 00:12:03,504 - RHS of #set statement is null. Context will not be modified. om/java/cbean/BsConditionQuery.vm[line 104, column 1]
2020-06-24 00:12:03,504 - RHS of #set statement is null. Context will not be modified. om/java/cbean/BsConditionQuery.vm[line 104, column 1]
2020-06-24 00:12:03,504 - RHS of #set statement is null. Context will not be modified. om/java/cbean/BsConditionQuery.vm[line 104, column 1]
2020-06-24 00:12:03,515 - ResourceManager : found om/java/cbean/NestSelectSetupper.vm with loader org.apache.velocity.runtime.resource.loader.FileResourceLoader
2020-06-24 00:12:03,525 - Null reference [template 'om/ControlGenerateJava.vm', line 290, column 38] : ${glPackageExtendedDao} cannot be resolved.
2020-06-24 00:12:03,525 - Null reference [template 'om/ControlGenerateJava.vm', line 293, column 34] : ${glPackageBaseDao} cannot be resolved.
2020-06-24 00:12:03,535 - ResourceManager : found om/java/bsbhv/BaseBhv.vm with loader org.apache.velocity.runtime.resource.loader.FileResourceLoader
2020-06-24 00:12:03,576 - ResourceManager : found om/java/bsbhv/ReferrerLoader.vm with loader org.apache.velocity.runtime.resource.loader.FileResourceLoader
2020-06-24 00:12:03,586 - ResourceManager : found om/java/bsentity/BaseEntity.vm with loader org.apache.velocity.runtime.resource.loader.FileResourceLoader
2020-06-24 00:12:03,611 - ResourceManager : found om/java/bsentity/dbmeta/DBMetaImpl.vm with loader org.apache.velocity.runtime.resource.loader.FileResourceLoader
2020-06-24 00:12:03,621 - ResourceManager : found om/java/cbean/BsConditionBean.vm with loader org.apache.velocity.runtime.resource.loader.FileResourceLoader
2020-06-24 00:12:03,623 - Null reference [template 'om/java/cbean/BsConditionBean.vm', line 684, column 61] : ${relationMethodIdentityName} cannot be resolved.
2020-06-24 00:12:03,730 - ResourceManager : found om/java/cbean/AbstractBsConditionQuery.vm with loader org.apache.velocity.runtime.resource.loader.FileResourceLoader
2020-06-24 00:12:03,731 - RHS of #set statement is null. Context will not be modified. om/java/cbean/AbstractBsConditionQuery.vm[line 70, column 1]
2020-06-24 00:12:03,742 - RHS of #set statement is null. Context will not be modified. om/java/cbean/AbstractBsConditionQuery.vm[line 70, column 1]
2020-06-24 00:12:03,767 - ResourceManager : found om/java/cbean/BsConditionInlineQuery.vm with loader org.apache.velocity.runtime.resource.loader.FileResourceLoader
2020-06-24 00:12:03,773 - RHS of #set statement is null. Context will not be modified. om/java/cbean/BsConditionInlineQuery.vm[line 84, column 1]
2020-06-24 00:12:03,779 - RHS of #set statement is null. Context will not be modified. om/java/cbean/BsConditionInlineQuery.vm[line 84, column 1]
2020-06-24 00:12:03,788 - ResourceManager : found om/java/cbean/BsConditionQuery.vm with loader org.apache.velocity.runtime.resource.loader.FileResourceLoader
2020-06-24 00:12:03,788 - RHS of #set statement is null. Context will not be modified. om/java/cbean/BsConditionQuery.vm[line 104, column 1]
2020-06-24 00:12:03,790 - RHS of #set statement is null. Context will not be modified. om/java/cbean/BsConditionQuery.vm[line 104, column 1]
2020-06-24 00:12:03,808 - Null reference [template 'om/ControlGenerateJava.vm', line 290, column 38] : ${glPackageExtendedDao} cannot be resolved.
2020-06-24 00:12:03,810 - Null reference [template 'om/ControlGenerateJava.vm', line 293, column 34] : ${glPackageBaseDao} cannot be resolved.
2020-06-24 00:12:03,818 - ResourceManager : found om/java/bsbhv/BaseBhv.vm with loader org.apache.velocity.runtime.resource.loader.FileResourceLoader
2020-06-24 00:12:03,853 - ResourceManager : found om/java/bsbhv/ReferrerLoader.vm with loader org.apache.velocity.runtime.resource.loader.FileResourceLoader
2020-06-24 00:12:03,867 - ResourceManager : found om/java/bsentity/BaseEntity.vm with loader org.apache.velocity.runtime.resource.loader.FileResourceLoader
2020-06-24 00:12:03,902 - ResourceManager : found om/java/bsentity/dbmeta/DBMetaImpl.vm with loader org.apache.velocity.runtime.resource.loader.FileResourceLoader
2020-06-24 00:12:03,927 - ResourceManager : found om/java/cbean/BsConditionBean.vm with loader org.apache.velocity.runtime.resource.loader.FileResourceLoader
2020-06-24 00:12:03,956 - ResourceManager : found om/java/cbean/AbstractBsConditionQuery.vm with loader org.apache.velocity.runtime.resource.loader.FileResourceLoader
2020-06-24 00:12:03,959 - RHS of #set statement is null. Context will not be modified. om/java/cbean/AbstractBsConditionQuery.vm[line 70, column 1]
2020-06-24 00:12:03,960 - RHS of #set statement is null. Context will not be modified. om/java/cbean/AbstractBsConditionQuery.vm[line 70, column 1]
2020-06-24 00:12:03,962 - RHS of #set statement is null. Context will not be modified. om/java/cbean/AbstractBsConditionQuery.vm[line 70, column 1]
2020-06-24 00:12:03,963 - RHS of #set statement is null. Context will not be modified. om/java/cbean/AbstractBsConditionQuery.vm[line 70, column 1]
2020-06-24 00:12:03,969 - ResourceManager : found om/java/cbean/BsConditionInlineQuery.vm with loader org.apache.velocity.runtime.resource.loader.FileResourceLoader
2020-06-24 00:12:03,972 - RHS of #set statement is null. Context will not be modified. om/java/cbean/BsConditionInlineQuery.vm[line 84, column 1]
2020-06-24 00:12:03,972 - RHS of #set statement is null. Context will not be modified. om/java/cbean/BsConditionInlineQuery.vm[line 84, column 1]
2020-06-24 00:12:03,972 - RHS of #set statement is null. Context will not be modified. om/java/cbean/BsConditionInlineQuery.vm[line 84, column 1]
2020-06-24 00:12:03,972 - RHS of #set statement is null. Context will not be modified. om/java/cbean/BsConditionInlineQuery.vm[line 84, column 1]
2020-06-24 00:12:03,979 - ResourceManager : found om/java/cbean/BsConditionQuery.vm with loader org.apache.velocity.runtime.resource.loader.FileResourceLoader
2020-06-24 00:12:03,979 - RHS of #set statement is null. Context will not be modified. om/java/cbean/BsConditionQuery.vm[line 104, column 1]
2020-06-24 00:12:03,979 - RHS of #set statement is null. Context will not be modified. om/java/cbean/BsConditionQuery.vm[line 104, column 1]
2020-06-24 00:12:03,980 - RHS of #set statement is null. Context will not be modified. om/java/cbean/BsConditionQuery.vm[line 104, column 1]
2020-06-24 00:12:03,980 - RHS of #set statement is null. Context will not be modified. om/java/cbean/BsConditionQuery.vm[line 104, column 1]
2020-06-24 00:12:03,989 - ResourceManager : found om/java/cbean/NestSelectSetupper.vm with loader org.apache.velocity.runtime.resource.loader.FileResourceLoader
2020-06-24 00:12:03,998 - ResourceManager : found om/java/plugin/simpledto/ControlPluginSimpleDtoGenerate.vm with loader org.apache.velocity.runtime.resource.loader.FileResourceLoader
2020-06-24 00:12:04,013 - ResourceManager : found om/java/plugin/flexdto/ControlPluginFlexDtoGenerate.vm with loader org.apache.velocity.runtime.resource.loader.FileResourceLoader
2020-06-24 00:12:06,894 - 
2020-06-24 00:12:06,894 - DfFlutistLog4JLogSystem initialized using logfile './log/velocity.log'
2020-06-24 00:12:06,894 - Initializing Velocity, Calling init()...
2020-06-24 00:12:06,894 - *******************************************************************
2020-06-24 00:12:06,894 - Starting Apache Velocity v1.7 (compiled: 2010-11-19 12:14:37)
2020-06-24 00:12:06,894 - RuntimeInstance initializing.
2020-06-24 00:12:06,894 - Default Properties File: org/apache/velocity/runtime/defaults/velocity.properties
2020-06-24 00:12:06,894 - Trying to use logger class org.dbflute.friends.velocity.DfFlutistLog4JLogSystem
2020-06-24 00:12:06,894 - Using logger class org.dbflute.friends.velocity.DfFlutistLog4JLogSystem
2020-06-24 00:12:06,897 - Default ResourceManager initializing. (class org.apache.velocity.runtime.resource.ResourceManagerImpl)
2020-06-24 00:12:06,901 - ResourceLoader instantiated: org.apache.velocity.runtime.resource.loader.FileResourceLoader
2020-06-24 00:12:06,902 - FileResourceLoader : initialization starting.
2020-06-24 00:12:06,903 - Do unicode file recognition:  false
2020-06-24 00:12:06,903 - FileResourceLoader : adding path '/Users/hitoshi/app/eclipse/workspace/wolf-mansion/mydbflute/dbflute-1.2.1/templates'
2020-06-24 00:12:06,903 - FileResourceLoader : initialization complete.
2020-06-24 00:12:06,913 - ResourceCache: initialized (class org.apache.velocity.runtime.resource.ResourceCacheImpl) with class java.util.Collections$SynchronizedMap cache map.
2020-06-24 00:12:06,913 - Default ResourceManager initialization complete.
2020-06-24 00:12:06,915 - Loaded System Directive: org.apache.velocity.runtime.directive.Stop
2020-06-24 00:12:06,916 - Loaded System Directive: org.apache.velocity.runtime.directive.Define
2020-06-24 00:12:06,917 - Loaded System Directive: org.apache.velocity.runtime.directive.Break
2020-06-24 00:12:06,918 - Loaded System Directive: org.apache.velocity.runtime.directive.Evaluate
2020-06-24 00:12:06,918 - Loaded System Directive: org.apache.velocity.runtime.directive.Literal
2020-06-24 00:12:06,920 - Loaded System Directive: org.apache.velocity.runtime.directive.Macro
2020-06-24 00:12:06,922 - Loaded System Directive: org.apache.velocity.runtime.directive.Parse
2020-06-24 00:12:06,925 - Loaded System Directive: org.apache.velocity.runtime.directive.Include
2020-06-24 00:12:06,926 - Loaded System Directive: org.apache.velocity.runtime.directive.Foreach
2020-06-24 00:12:06,962 - Created '20' parsers.
2020-06-24 00:12:06,968 - Velocimacro : initialization starting.
2020-06-24 00:12:06,968 - Velocimacro : "velocimacro.library" is not set.  Trying default library: VM_global_library.vm
2020-06-24 00:12:06,968 - Velocimacro : Default library not found.
2020-06-24 00:12:06,968 - Velocimacro : allowInline = true : VMs can be defined inline in templates
2020-06-24 00:12:06,968 - Velocimacro : allowInlineToOverride = false : VMs defined inline may NOT replace previous VM definitions
2020-06-24 00:12:06,968 - Velocimacro : allowInlineLocal = false : VMs defined inline will be global in scope if allowed.
2020-06-24 00:12:06,968 - Velocimacro : autoload off : VM system will not automatically reload global library macros
2020-06-24 00:12:06,968 - Velocimacro : Velocimacro : initialization complete.
2020-06-24 00:12:06,969 - RuntimeInstance successfully initialized.
2020-06-24 00:12:07,016 - ResourceManager : found om/ControlSql2EntityJava.vm with loader org.apache.velocity.runtime.resource.loader.FileResourceLoader
2020-06-24 00:12:07,452 - ResourceManager : found om/java/plugin/simpledto/ControlPluginSimpleDtoSql2Entity.vm with loader org.apache.velocity.runtime.resource.loader.FileResourceLoader
2020-06-24 00:12:07,466 - ResourceManager : found om/java/plugin/flexdto/ControlPluginFlexDtoSql2Entity.vm with loader org.apache.velocity.runtime.resource.loader.FileResourceLoader
